Not Found: /app/static/app/css/owl.carousel.min.css
Not Found: /app/static/app/images/logo1.png
Not Found: /app/static/app/images/banner/b111.jpg
Not Found: /app/static/app/css/all.min.css
Not Found: /app/static/app/css/style.css
Not Found: /app/static/app/images/banner/b222.png
Not Found: /app/static/app/images/banner/b333.jpg
Not Found: /app/static/app/images/banner/b444.jpg
Not Found: /app/static/app/js/zoomsl.js
Not Found: /app/static/app/js/all.min.js
Not Found: /app/static/app/js/owl.carousel.min.js
Not Found: /app/static/app/js/zoomsl.min(1).js
Not Found: /app/static/app/images/payavail/cc.jpg
Not Found: /app/static/app/images/payavail/upi.jpg
Not Found: /app/static/app/images/payavail/bj.png
Not Found: /app/static/app/images/payavail/nb.jpg
Not Found: /app/static/app/images/payment.png
Not Found: /app/static/app/js/myscript.js
Not Found: /app/static/app/css/owl.carousel.min.css
Not Found: /app/static/app/css/all.min.css
Not Found: /app/static/app/css/style.css
Not Found: /app/static/app/images/banner/b111.jpg
Not Found: /app/static/app/images/logo1.png
Not Found: /app/static/app/images/banner/b222.png
Not Found: /app/static/app/images/banner/b333.jpg
Not Found: /app/static/app/images/banner/b444.jpg
Not Found: /app/static/app/js/zoomsl.min(1).js
Not Found: /app/static/app/js/all.min.js
Not Found: /app/static/app/js/owl.carousel.min.js
Not Found: /app/static/app/js/myscript.js
Not Found: /app/static/app/images/payavail/upi.jpg
Not Found: /app/static/app/images/payavail/nb.jpg
Not Found: /app/static/app/images/payavail/cc.jpg
Not Found: /app/static/app/images/payavail/bj.png
Not Found: /app/static/app/images/payment.png
Not Found: /app/static/app/js/zoomsl.js
Not Found: /app/static/app/css/owl.carousel.min.css
Not Found: /app/static/app/css/all.min.css
Not Found: /app/static/app/css/style.css
Not Found: /app/static/app/images/banner/b111.jpg
Not Found: /app/static/app/images/logo1.png
Not Found: /app/static/app/images/banner/b333.jpg
Not Found: /app/static/app/images/banner/b222.png
Not Found: /app/static/app/images/banner/b444.jpg
Not Found: /app/static/app/js/owl.carousel.min.js
Not Found: /app/static/app/js/all.min.js
Not Found: /app/static/app/js/myscript.js
Not Found: /app/static/app/js/zoomsl.js
Not Found: /app/static/app/js/zoomsl.min(1).js
Not Found: /app/static/app/images/payavail/cc.jpg
Not Found: /app/static/app/images/payavail/upi.jpg
Not Found: /app/static/app/images/payment.png
Not Found: /app/static/app/images/payavail/nb.jpg
Not Found: /app/static/app/images/payavail/bj.png
Not Found: /init.py
Not Found: /app/static/app/css/owl.carousel.min.css
Not Found: /app/static/app/css/style.css
Not Found: /app/static/app/css/all.min.css
Not Found: /app/static/app/css/style.css
Not Found: /app/static/app/css/all.min.css
Not Found: /app/static/app/css/owl.carousel.min.css
Not Found: /app/static/app/images/logo1.png
Not Found: /app/static/app/images/banner/b111.jpg
Not Found: /app/static/app/images/banner/b222.png
Not Found: /app/static/app/images/banner/b333.jpg
Not Found: /app/static/app/images/banner/b444.jpg
Not Found: /app/static/app/js/all.min.js
Not Found: /app/static/app/js/owl.carousel.min.js
Not Found: /app/static/app/js/zoomsl.js
Not Found: /app/static/app/js/zoomsl.min(1).js
Not Found: /app/static/app/images/payavail/cc.jpg
Not Found: /app/static/app/images/payavail/upi.jpg
Not Found: /app/static/app/images/payavail/nb.jpg
Not Found: /app/static/app/images/payavail/bj.png
Not Found: /app/static/app/images/payment.png
Not Found: /app/static/app/js/myscript.js
Not Found: /app/static/app/images/logo1.png
Not Found: /app/static/app/css/style.css
Not Found: /app/static/app/images/banner/b111.jpg
Not Found: /app/static/app/css/owl.carousel.min.css
Not Found: /app/static/app/css/all.min.css
Not Found: /app/static/app/images/banner/b333.jpg
Not Found: /app/static/app/images/banner/b222.png
Not Found: /app/static/app/images/banner/b444.jpg
Not Found: /app/static/app/js/owl.carousel.min.js
Not Found: /app/static/app/js/all.min.js
Not Found: /app/static/app/js/myscript.js
Not Found: /app/static/app/js/zoomsl.js
Not Found: /app/static/app/js/zoomsl.min(1).js
Not Found: /app/static/app/images/payavail/upi.jpg
Not Found: /app/static/app/images/payavail/bj.png
Not Found: /app/static/app/images/payavail/nb.jpg
Not Found: /app/static/app/images/payavail/cc.jpg
Not Found: /app/static/app/images/payment.png
Not Found: /app/static/app/css/style.css
Not Found: /app/static/app/images/banner/b111.jpg
Not Found: /app/static/app/css/owl.carousel.min.css
Not Found: /app/static/app/css/all.min.css
Not Found: /app/static/app/images/banner/b222.png
Not Found: /app/static/app/images/banner/b444.jpg
Not Found: /app/static/app/images/banner/b333.jpg
Not Found: /app/static/app/images/logo1.png
Not Found: /app/static/app/js/owl.carousel.min.js
Not Found: /app/static/app/js/all.min.js
Not Found: /app/static/app/js/zoomsl.min(1).js
Not Found: /app/static/app/js/zoomsl.js
Not Found: /app/static/app/images/payavail/upi.jpg
Not Found: /app/static/app/images/payavail/bj.png
Not Found: /app/static/app/images/payavail/cc.jpg
Not Found: /app/static/app/images/payavail/nb.jpg
Not Found: /app/static/app/images/payment.png
Not Found: /app/static/app/js/myscript.js
Not Found: /app/static/app/css/style.css
Not Found: /app/static/app/css/all.min.css
Not Found: /app/static/app/css/owl.carousel.min.css
Not Found: /app/static/app/images/banner/b444.jpg
Not Found: /app/static/app/images/banner/b222.png
Not Found: /app/static/app/images/banner/b333.jpg
Not Found: /app/static/app/js/all.min.js
Not Found: /app/static/app/js/zoomsl.js
Not Found: /app/static/app/js/myscript.js
Not Found: /app/static/app/js/zoomsl.min(1).js
Not Found: /app/static/app/images/payavail/cc.jpg
Not Found: /app/static/app/images/payavail/nb.jpg
Not Found: /app/static/app/images/payavail/upi.jpg
Not Found: /app/static/app/images/payavail/bj.png
Not Found: /app/static/app/images/payment.png
Not Found: /app/static/app/images/banner/b111.jpg
Not Found: /app/static/app/images/logo1.png
Not Found: /app/static/app/js/owl.carousel.min.js
Invalid HTTP_HOST header: 'www.pentodaypublication.com'. You may need to add 'www.pentodaypublication.com' to ALLOWED_HOSTS.
Traceback (most recent call last):
  File "/home/pentodaypublicat/virtualenv/pentoday/all4in1/shoppinglyx/3.10/lib/python3.10/site-packages/django/core/handlers/exception.py", line 55, in inner
    response = get_response(request)
  File "/home/pentodaypublicat/virtualenv/pentoday/all4in1/shoppinglyx/3.10/lib/python3.10/site-packages/django/utils/deprecation.py", line 133, in __call__
    response = self.process_request(request)
  File "/home/pentodaypublicat/virtualenv/pentoday/all4in1/shoppinglyx/3.10/lib/python3.10/site-packages/django/middleware/common.py", line 48, in process_request
    host = request.get_host()
  File "/home/pentodaypublicat/virtualenv/pentoday/all4in1/shoppinglyx/3.10/lib/python3.10/site-packages/django/http/request.py", line 151, in get_host
    raise DisallowedHost(msg)
django.core.exceptions.DisallowedHost: Invalid HTTP_HOST header: 'www.pentodaypublication.com'. You may need to add 'www.pentodaypublication.com' to ALLOWED_HOSTS.
Bad Request: /
Not Found: /wp-includes/wlwmanifest.xml
Not Found: /xmlrpc.php
Not Found: /blog/wp-includes/wlwmanifest.xml
Not Found: /web/wp-includes/wlwmanifest.xml
Not Found: /wordpress/wp-includes/wlwmanifest.xml
Not Found: /website/wp-includes/wlwmanifest.xml
Not Found: /wp/wp-includes/wlwmanifest.xml
Not Found: /news/wp-includes/wlwmanifest.xml
Not Found: /2018/wp-includes/wlwmanifest.xml
Not Found: /2019/wp-includes/wlwmanifest.xml
Not Found: /shop/wp-includes/wlwmanifest.xml
Not Found: /wp1/wp-includes/wlwmanifest.xml
Not Found: /test/wp-includes/wlwmanifest.xml
Not Found: /media/wp-includes/wlwmanifest.xml
Not Found: /wp2/wp-includes/wlwmanifest.xml
Not Found: /site/wp-includes/wlwmanifest.xml
Not Found: /cms/wp-includes/wlwmanifest.xml
Not Found: /sito/wp-includes/wlwmanifest.xml
Not Found: /static/app/css/owl.carousel.min.css
Not Found: /static/app/css/style.css
Not Found: /static/app/css/all.min.css
Not Found: /static/app/images/logo1.png
Not Found: /static/app/images/banner/b111.jpg
Not Found: /static/app/images/banner/b333.jpg
Not Found: /static/app/images/banner/b222.png
Not Found: /static/app/images/banner/b444.jpg
Not Found: /static/app/js/all.min.js
Not Found: /static/app/js/owl.carousel.min.js
Not Found: /static/app/js/zoomsl.js
Not Found: /static/app/js/zoomsl.min(1).js
Not Found: /static/app/js/myscript.js
Not Found: /static/app/images/payavail/cc.jpg
Not Found: /static/app/images/payavail/upi.jpg
Not Found: /static/app/images/payavail/nb.jpg
Not Found: /static/app/images/payavail/bj.png
Not Found: /static/app/images/payment.png
Not Found: /static/app/css/owl.carousel.min.css
Not Found: /static/app/css/all.min.css
Not Found: /static/app/css/style.css
Not Found: /static/app/images/banner/b222.png
Not Found: /static/app/images/banner/b333.jpg
Not Found: /static/app/images/payavail/bj.jpg
Not Found: /static/app/js/owl.carousel.min.js
Not Found: /static/app/images/logo1.png
Not Found: /static/app/js/all.min.js
Not Found: /static/app/js/zoomsl.js
Not Found: /static/app/js/myscript.js
Not Found: /static/app/images/banner/b111.jpg
Not Found: /static/app/js/zoomsl.min(1).js
Not Found: /static/app/images/payavail/cc.jpg
Not Found: /static/app/images/payavail/upi.jpg
Not Found: /static/app/images/payment.png
Not Found: /static/app/images/payavail/nb.jpg
Not Found: /static/app/images/banner/b444.jpg
Not Found: /static/app/images/logo1.png
Not Found: /static/app/css/style.css
Not Found: /static/app/css/owl.carousel.min.css
Not Found: /static/app/css/all.min.css
Not Found: /static/app/images/banner/b222.png
Not Found: /static/app/js/owl.carousel.min.js
Not Found: /static/app/js/zoomsl.js
Not Found: /static/app/js/myscript.js
Not Found: /static/app/images/banner/b444.jpg
Not Found: /static/app/js/zoomsl.min(1).js
Not Found: /static/app/js/all.min.js
Not Found: /static/app/images/payavail/upi.jpg
Not Found: /static/app/images/payavail/cc.jpg
Not Found: /static/app/images/payavail/bj.jpg
Not Found: /static/app/images/payavail/nb.jpg
Not Found: /static/app/images/payment.png
Not Found: /static/app/images/banner/b111.jpg
Not Found: /static/app/images/banner/b333.jpg
Invalid HTTP_HOST header: 'www.pentodaypublication.com'. You may need to add 'www.pentodaypublication.com' to ALLOWED_HOSTS.
Traceback (most recent call last):
  File "/home/pentodaypublicat/virtualenv/pentoday/all4in1/shoppinglyx/3.10/lib/python3.10/site-packages/django/core/handlers/exception.py", line 55, in inner
    response = get_response(request)
  File "/home/pentodaypublicat/virtualenv/pentoday/all4in1/shoppinglyx/3.10/lib/python3.10/site-packages/django/utils/deprecation.py", line 133, in __call__
    response = self.process_request(request)
  File "/home/pentodaypublicat/virtualenv/pentoday/all4in1/shoppinglyx/3.10/lib/python3.10/site-packages/django/middleware/common.py", line 48, in process_request
    host = request.get_host()
  File "/home/pentodaypublicat/virtualenv/pentoday/all4in1/shoppinglyx/3.10/lib/python3.10/site-packages/django/http/request.py", line 151, in get_host
    raise DisallowedHost(msg)
django.core.exceptions.DisallowedHost: Invalid HTTP_HOST header: 'www.pentodaypublication.com'. You may need to add 'www.pentodaypublication.com' to ALLOWED_HOSTS.
Bad Request: /
Not Found: /robots.txt
Invalid HTTP_HOST header: 'www.pentodaypublication.com'. You may need to add 'www.pentodaypublication.com' to ALLOWED_HOSTS.
Traceback (most recent call last):
  File "/home/pentodaypublicat/virtualenv/pentoday/all4in1/shoppinglyx/3.10/lib/python3.10/site-packages/django/core/handlers/exception.py", line 55, in inner
    response = get_response(request)
  File "/home/pentodaypublicat/virtualenv/pentoday/all4in1/shoppinglyx/3.10/lib/python3.10/site-packages/django/utils/deprecation.py", line 133, in __call__
    response = self.process_request(request)
  File "/home/pentodaypublicat/virtualenv/pentoday/all4in1/shoppinglyx/3.10/lib/python3.10/site-packages/django/middleware/common.py", line 48, in process_request
    host = request.get_host()
  File "/home/pentodaypublicat/virtualenv/pentoday/all4in1/shoppinglyx/3.10/lib/python3.10/site-packages/django/http/request.py", line 151, in get_host
    raise DisallowedHost(msg)
django.core.exceptions.DisallowedHost: Invalid HTTP_HOST header: 'www.pentodaypublication.com'. You may need to add 'www.pentodaypublication.com' to ALLOWED_HOSTS.
Bad Request: /
Invalid HTTP_HOST header: 'www.pentodaypublication.com'. You may need to add 'www.pentodaypublication.com' to ALLOWED_HOSTS.
Traceback (most recent call last):
  File "/home/pentodaypublicat/virtualenv/pentoday/all4in1/shoppinglyx/3.10/lib/python3.10/site-packages/django/core/handlers/exception.py", line 55, in inner
    response = get_response(request)
  File "/home/pentodaypublicat/virtualenv/pentoday/all4in1/shoppinglyx/3.10/lib/python3.10/site-packages/django/utils/deprecation.py", line 133, in __call__
    response = self.process_request(request)
  File "/home/pentodaypublicat/virtualenv/pentoday/all4in1/shoppinglyx/3.10/lib/python3.10/site-packages/django/middleware/common.py", line 48, in process_request
    host = request.get_host()
  File "/home/pentodaypublicat/virtualenv/pentoday/all4in1/shoppinglyx/3.10/lib/python3.10/site-packages/django/http/request.py", line 151, in get_host
    raise DisallowedHost(msg)
django.core.exceptions.DisallowedHost: Invalid HTTP_HOST header: 'www.pentodaypublication.com'. You may need to add 'www.pentodaypublication.com' to ALLOWED_HOSTS.
Bad Request: /
Invalid HTTP_HOST header: 'www.pentodaypublication.com'. You may need to add 'www.pentodaypublication.com' to ALLOWED_HOSTS.
Traceback (most recent call last):
  File "/home/pentodaypublicat/virtualenv/pentoday/all4in1/shoppinglyx/3.10/lib/python3.10/site-packages/django/core/handlers/exception.py", line 55, in inner
    response = get_response(request)
  File "/home/pentodaypublicat/virtualenv/pentoday/all4in1/shoppinglyx/3.10/lib/python3.10/site-packages/django/utils/deprecation.py", line 133, in __call__
    response = self.process_request(request)
  File "/home/pentodaypublicat/virtualenv/pentoday/all4in1/shoppinglyx/3.10/lib/python3.10/site-packages/django/middleware/common.py", line 48, in process_request
    host = request.get_host()
  File "/home/pentodaypublicat/virtualenv/pentoday/all4in1/shoppinglyx/3.10/lib/python3.10/site-packages/django/http/request.py", line 151, in get_host
    raise DisallowedHost(msg)
django.core.exceptions.DisallowedHost: Invalid HTTP_HOST header: 'www.pentodaypublication.com'. You may need to add 'www.pentodaypublication.com' to ALLOWED_HOSTS.
Bad Request: /
Invalid HTTP_HOST header: 'www.pentodaypublication.com'. You may need to add 'www.pentodaypublication.com' to ALLOWED_HOSTS.
Traceback (most recent call last):
  File "/home/pentodaypublicat/virtualenv/pentoday/all4in1/shoppinglyx/3.10/lib/python3.10/site-packages/django/core/handlers/exception.py", line 55, in inner
    response = get_response(request)
  File "/home/pentodaypublicat/virtualenv/pentoday/all4in1/shoppinglyx/3.10/lib/python3.10/site-packages/django/utils/deprecation.py", line 133, in __call__
    response = self.process_request(request)
  File "/home/pentodaypublicat/virtualenv/pentoday/all4in1/shoppinglyx/3.10/lib/python3.10/site-packages/django/middleware/common.py", line 48, in process_request
    host = request.get_host()
  File "/home/pentodaypublicat/virtualenv/pentoday/all4in1/shoppinglyx/3.10/lib/python3.10/site-packages/django/http/request.py", line 151, in get_host
    raise DisallowedHost(msg)
django.core.exceptions.DisallowedHost: Invalid HTTP_HOST header: 'www.pentodaypublication.com'. You may need to add 'www.pentodaypublication.com' to ALLOWED_HOSTS.
Bad Request: /
Invalid HTTP_HOST header: 'www.pentodaypublication.com'. You may need to add 'www.pentodaypublication.com' to ALLOWED_HOSTS.
Traceback (most recent call last):
  File "/home/pentodaypublicat/virtualenv/pentoday/all4in1/shoppinglyx/3.10/lib/python3.10/site-packages/django/core/handlers/exception.py", line 55, in inner
    response = get_response(request)
  File "/home/pentodaypublicat/virtualenv/pentoday/all4in1/shoppinglyx/3.10/lib/python3.10/site-packages/django/utils/deprecation.py", line 133, in __call__
    response = self.process_request(request)
  File "/home/pentodaypublicat/virtualenv/pentoday/all4in1/shoppinglyx/3.10/lib/python3.10/site-packages/django/middleware/common.py", line 48, in process_request
    host = request.get_host()
  File "/home/pentodaypublicat/virtualenv/pentoday/all4in1/shoppinglyx/3.10/lib/python3.10/site-packages/django/http/request.py", line 151, in get_host
    raise DisallowedHost(msg)
django.core.exceptions.DisallowedHost: Invalid HTTP_HOST header: 'www.pentodaypublication.com'. You may need to add 'www.pentodaypublication.com' to ALLOWED_HOSTS.
Bad Request: /
Not Found: /static/app/js/owl.carousel.min.js
Not Found: /static/app/js/all.min.js
Not Found: /static/app/js/zoomsl.min(1).js
Not Found: /static/app/js/zoomsl.js
Not Found: /static/app/js/myscript.js
Not Found: /wp-content/plugins/core-plugin/include.php
Invalid HTTP_HOST header: 'www.pentodaypublication.com'. You may need to add 'www.pentodaypublication.com' to ALLOWED_HOSTS.
Traceback (most recent call last):
  File "/home/pentodaypublicat/virtualenv/pentoday/all4in1/shoppinglyx/3.10/lib/python3.10/site-packages/django/core/handlers/exception.py", line 55, in inner
    response = get_response(request)
  File "/home/pentodaypublicat/virtualenv/pentoday/all4in1/shoppinglyx/3.10/lib/python3.10/site-packages/django/utils/deprecation.py", line 133, in __call__
    response = self.process_request(request)
  File "/home/pentodaypublicat/virtualenv/pentoday/all4in1/shoppinglyx/3.10/lib/python3.10/site-packages/django/middleware/common.py", line 48, in process_request
    host = request.get_host()
  File "/home/pentodaypublicat/virtualenv/pentoday/all4in1/shoppinglyx/3.10/lib/python3.10/site-packages/django/http/request.py", line 151, in get_host
    raise DisallowedHost(msg)
django.core.exceptions.DisallowedHost: Invalid HTTP_HOST header: 'www.pentodaypublication.com'. You may need to add 'www.pentodaypublication.com' to ALLOWED_HOSTS.
Bad Request: /
Invalid HTTP_HOST header: 'www.pentodaypublication.com'. You may need to add 'www.pentodaypublication.com' to ALLOWED_HOSTS.
Traceback (most recent call last):
  File "/home/pentodaypublicat/virtualenv/pentoday/all4in1/shoppinglyx/3.10/lib/python3.10/site-packages/django/core/handlers/exception.py", line 55, in inner
    response = get_response(request)
  File "/home/pentodaypublicat/virtualenv/pentoday/all4in1/shoppinglyx/3.10/lib/python3.10/site-packages/django/utils/deprecation.py", line 133, in __call__
    response = self.process_request(request)
  File "/home/pentodaypublicat/virtualenv/pentoday/all4in1/shoppinglyx/3.10/lib/python3.10/site-packages/django/middleware/common.py", line 48, in process_request
    host = request.get_host()
  File "/home/pentodaypublicat/virtualenv/pentoday/all4in1/shoppinglyx/3.10/lib/python3.10/site-packages/django/http/request.py", line 151, in get_host
    raise DisallowedHost(msg)
django.core.exceptions.DisallowedHost: Invalid HTTP_HOST header: 'www.pentodaypublication.com'. You may need to add 'www.pentodaypublication.com' to ALLOWED_HOSTS.
Bad Request: /robots.txt
Invalid HTTP_HOST header: 'www.pentodaypublication.com'. You may need to add 'www.pentodaypublication.com' to ALLOWED_HOSTS.
Traceback (most recent call last):
  File "/home/pentodaypublicat/virtualenv/pentoday/all4in1/shoppinglyx/3.10/lib/python3.10/site-packages/django/core/handlers/exception.py", line 55, in inner
    response = get_response(request)
  File "/home/pentodaypublicat/virtualenv/pentoday/all4in1/shoppinglyx/3.10/lib/python3.10/site-packages/django/utils/deprecation.py", line 133, in __call__
    response = self.process_request(request)
  File "/home/pentodaypublicat/virtualenv/pentoday/all4in1/shoppinglyx/3.10/lib/python3.10/site-packages/django/middleware/common.py", line 48, in process_request
    host = request.get_host()
  File "/home/pentodaypublicat/virtualenv/pentoday/all4in1/shoppinglyx/3.10/lib/python3.10/site-packages/django/http/request.py", line 151, in get_host
    raise DisallowedHost(msg)
django.core.exceptions.DisallowedHost: Invalid HTTP_HOST header: 'www.pentodaypublication.com'. You may need to add 'www.pentodaypublication.com' to ALLOWED_HOSTS.
Bad Request: /
Invalid HTTP_HOST header: 'www.pentodaypublication.com.'. You may need to add 'www.pentodaypublication.com' to ALLOWED_HOSTS.
Traceback (most recent call last):
  File "/home/pentodaypublicat/virtualenv/pentoday/all4in1/shoppinglyx/3.10/lib/python3.10/site-packages/django/core/handlers/exception.py", line 55, in inner
    response = get_response(request)
  File "/home/pentodaypublicat/virtualenv/pentoday/all4in1/shoppinglyx/3.10/lib/python3.10/site-packages/django/utils/deprecation.py", line 133, in __call__
    response = self.process_request(request)
  File "/home/pentodaypublicat/virtualenv/pentoday/all4in1/shoppinglyx/3.10/lib/python3.10/site-packages/django/middleware/common.py", line 48, in process_request
    host = request.get_host()
  File "/home/pentodaypublicat/virtualenv/pentoday/all4in1/shoppinglyx/3.10/lib/python3.10/site-packages/django/http/request.py", line 151, in get_host
    raise DisallowedHost(msg)
django.core.exceptions.DisallowedHost: Invalid HTTP_HOST header: 'www.pentodaypublication.com.'. You may need to add 'www.pentodaypublication.com' to ALLOWED_HOSTS.
Bad Request: /
Not Found: /static/app/css/owl.carousel.min.css
Not Found: /static/app/css/all.min.css
Not Found: /static/app/images/banner/b111.jpg
Not Found: /static/app/css/style.css
Not Found: /static/app/images/logo1.png
Not Found: /static/app/images/banner/b222.png
Not Found: /static/app/images/banner/b333.jpg
Not Found: /static/app/images/banner/b444.jpg
Not Found: /static/app/js/zoomsl.min(1).js
Not Found: /static/app/images/payavail/bj.png
Not Found: /static/app/images/payavail/upi.jpg
Not Found: /static/app/images/payavail/nb.jpg
Not Found: /static/app/js/owl.carousel.min.js
Not Found: /static/app/js/all.min.js
Not Found: /static/app/js/zoomsl.js
Not Found: /static/app/js/myscript.js
Not Found: /static/app/images/payment.png
Not Found: /static/app/images/payavail/cc.jpg
Not Found: /favicon.ico
Not Found: /wp-includes/wlwmanifest.xml
Not Found: /xmlrpc.php
Not Found: /blog/wp-includes/wlwmanifest.xml
Not Found: /web/wp-includes/wlwmanifest.xml
Not Found: /wordpress/wp-includes/wlwmanifest.xml
Not Found: /website/wp-includes/wlwmanifest.xml
Not Found: /wp/wp-includes/wlwmanifest.xml
Not Found: /news/wp-includes/wlwmanifest.xml
Not Found: /2020/wp-includes/wlwmanifest.xml
Not Found: /2019/wp-includes/wlwmanifest.xml
Not Found: /shop/wp-includes/wlwmanifest.xml
Not Found: /wp1/wp-includes/wlwmanifest.xml
Not Found: /test/wp-includes/wlwmanifest.xml
Not Found: /wp2/wp-includes/wlwmanifest.xml
Not Found: /site/wp-includes/wlwmanifest.xml
Not Found: /cms/wp-includes/wlwmanifest.xml
Not Found: /sito/wp-includes/wlwmanifest.xml
Not Found: /robots.txt
Invalid HTTP_HOST header: 'www.pentodaypublication.com'. You may need to add 'www.pentodaypublication.com' to ALLOWED_HOSTS.
Traceback (most recent call last):
  File "/home/pentodaypublicat/virtualenv/pentoday/all4in1/shoppinglyx/3.10/lib/python3.10/site-packages/django/core/handlers/exception.py", line 55, in inner
    response = get_response(request)
  File "/home/pentodaypublicat/virtualenv/pentoday/all4in1/shoppinglyx/3.10/lib/python3.10/site-packages/django/utils/deprecation.py", line 133, in __call__
    response = self.process_request(request)
  File "/home/pentodaypublicat/virtualenv/pentoday/all4in1/shoppinglyx/3.10/lib/python3.10/site-packages/django/middleware/common.py", line 48, in process_request
    host = request.get_host()
  File "/home/pentodaypublicat/virtualenv/pentoday/all4in1/shoppinglyx/3.10/lib/python3.10/site-packages/django/http/request.py", line 151, in get_host
    raise DisallowedHost(msg)
django.core.exceptions.DisallowedHost: Invalid HTTP_HOST header: 'www.pentodaypublication.com'. You may need to add 'www.pentodaypublication.com' to ALLOWED_HOSTS.
Bad Request: /
Invalid HTTP_HOST header: 'www.pentodaypublication.com'. You may need to add 'www.pentodaypublication.com' to ALLOWED_HOSTS.
Traceback (most recent call last):
  File "/home/pentodaypublicat/virtualenv/pentoday/all4in1/shoppinglyx/3.10/lib/python3.10/site-packages/django/core/handlers/exception.py", line 55, in inner
    response = get_response(request)
  File "/home/pentodaypublicat/virtualenv/pentoday/all4in1/shoppinglyx/3.10/lib/python3.10/site-packages/django/utils/deprecation.py", line 133, in __call__
    response = self.process_request(request)
  File "/home/pentodaypublicat/virtualenv/pentoday/all4in1/shoppinglyx/3.10/lib/python3.10/site-packages/django/middleware/common.py", line 48, in process_request
    host = request.get_host()
  File "/home/pentodaypublicat/virtualenv/pentoday/all4in1/shoppinglyx/3.10/lib/python3.10/site-packages/django/http/request.py", line 151, in get_host
    raise DisallowedHost(msg)
django.core.exceptions.DisallowedHost: Invalid HTTP_HOST header: 'www.pentodaypublication.com'. You may need to add 'www.pentodaypublication.com' to ALLOWED_HOSTS.
Bad Request: /
Invalid HTTP_HOST header: 'www.pentodaypublication.com'. You may need to add 'www.pentodaypublication.com' to ALLOWED_HOSTS.
Traceback (most recent call last):
  File "/home/pentodaypublicat/virtualenv/pentoday/all4in1/shoppinglyx/3.10/lib/python3.10/site-packages/django/core/handlers/exception.py", line 55, in inner
    response = get_response(request)
  File "/home/pentodaypublicat/virtualenv/pentoday/all4in1/shoppinglyx/3.10/lib/python3.10/site-packages/django/utils/deprecation.py", line 133, in __call__
    response = self.process_request(request)
  File "/home/pentodaypublicat/virtualenv/pentoday/all4in1/shoppinglyx/3.10/lib/python3.10/site-packages/django/middleware/common.py", line 48, in process_request
    host = request.get_host()
  File "/home/pentodaypublicat/virtualenv/pentoday/all4in1/shoppinglyx/3.10/lib/python3.10/site-packages/django/http/request.py", line 151, in get_host
    raise DisallowedHost(msg)
django.core.exceptions.DisallowedHost: Invalid HTTP_HOST header: 'www.pentodaypublication.com'. You may need to add 'www.pentodaypublication.com' to ALLOWED_HOSTS.
Bad Request: /
Invalid HTTP_HOST header: 'www.pentodaypublication.com'. You may need to add 'www.pentodaypublication.com' to ALLOWED_HOSTS.
Traceback (most recent call last):
  File "/home/pentodaypublicat/virtualenv/pentoday/all4in1/shoppinglyx/3.10/lib/python3.10/site-packages/django/core/handlers/exception.py", line 55, in inner
    response = get_response(request)
  File "/home/pentodaypublicat/virtualenv/pentoday/all4in1/shoppinglyx/3.10/lib/python3.10/site-packages/django/utils/deprecation.py", line 133, in __call__
    response = self.process_request(request)
  File "/home/pentodaypublicat/virtualenv/pentoday/all4in1/shoppinglyx/3.10/lib/python3.10/site-packages/django/middleware/common.py", line 48, in process_request
    host = request.get_host()
  File "/home/pentodaypublicat/virtualenv/pentoday/all4in1/shoppinglyx/3.10/lib/python3.10/site-packages/django/http/request.py", line 151, in get_host
    raise DisallowedHost(msg)
django.core.exceptions.DisallowedHost: Invalid HTTP_HOST header: 'www.pentodaypublication.com'. You may need to add 'www.pentodaypublication.com' to ALLOWED_HOSTS.
Bad Request: /
Invalid HTTP_HOST header: 'www.pentodaypublication.com'. You may need to add 'www.pentodaypublication.com' to ALLOWED_HOSTS.
Traceback (most recent call last):
  File "/home/pentodaypublicat/virtualenv/pentoday/all4in1/shoppinglyx/3.10/lib/python3.10/site-packages/django/core/handlers/exception.py", line 55, in inner
    response = get_response(request)
  File "/home/pentodaypublicat/virtualenv/pentoday/all4in1/shoppinglyx/3.10/lib/python3.10/site-packages/django/utils/deprecation.py", line 133, in __call__
    response = self.process_request(request)
  File "/home/pentodaypublicat/virtualenv/pentoday/all4in1/shoppinglyx/3.10/lib/python3.10/site-packages/django/middleware/common.py", line 48, in process_request
    host = request.get_host()
  File "/home/pentodaypublicat/virtualenv/pentoday/all4in1/shoppinglyx/3.10/lib/python3.10/site-packages/django/http/request.py", line 151, in get_host
    raise DisallowedHost(msg)
django.core.exceptions.DisallowedHost: Invalid HTTP_HOST header: 'www.pentodaypublication.com'. You may need to add 'www.pentodaypublication.com' to ALLOWED_HOSTS.
Bad Request: /favicon.ico
Not Found: /robots.txt
Invalid HTTP_HOST header: 'www.pentodaypublication.com'. You may need to add 'www.pentodaypublication.com' to ALLOWED_HOSTS.
Traceback (most recent call last):
  File "/home/pentodaypublicat/virtualenv/pentoday/all4in1/shoppinglyx/3.10/lib/python3.10/site-packages/django/core/handlers/exception.py", line 55, in inner
    response = get_response(request)
  File "/home/pentodaypublicat/virtualenv/pentoday/all4in1/shoppinglyx/3.10/lib/python3.10/site-packages/django/utils/deprecation.py", line 133, in __call__
    response = self.process_request(request)
  File "/home/pentodaypublicat/virtualenv/pentoday/all4in1/shoppinglyx/3.10/lib/python3.10/site-packages/django/middleware/common.py", line 48, in process_request
    host = request.get_host()
  File "/home/pentodaypublicat/virtualenv/pentoday/all4in1/shoppinglyx/3.10/lib/python3.10/site-packages/django/http/request.py", line 151, in get_host
    raise DisallowedHost(msg)
django.core.exceptions.DisallowedHost: Invalid HTTP_HOST header: 'www.pentodaypublication.com'. You may need to add 'www.pentodaypublication.com' to ALLOWED_HOSTS.
Bad Request: /
Invalid HTTP_HOST header: 'www.pentodaypublication.com'. You may need to add 'www.pentodaypublication.com' to ALLOWED_HOSTS.
Traceback (most recent call last):
  File "/home/pentodaypublicat/virtualenv/pentoday/all4in1/shoppinglyx/3.10/lib/python3.10/site-packages/django/core/handlers/exception.py", line 55, in inner
    response = get_response(request)
  File "/home/pentodaypublicat/virtualenv/pentoday/all4in1/shoppinglyx/3.10/lib/python3.10/site-packages/django/utils/deprecation.py", line 133, in __call__
    response = self.process_request(request)
  File "/home/pentodaypublicat/virtualenv/pentoday/all4in1/shoppinglyx/3.10/lib/python3.10/site-packages/django/middleware/common.py", line 48, in process_request
    host = request.get_host()
  File "/home/pentodaypublicat/virtualenv/pentoday/all4in1/shoppinglyx/3.10/lib/python3.10/site-packages/django/http/request.py", line 151, in get_host
    raise DisallowedHost(msg)
django.core.exceptions.DisallowedHost: Invalid HTTP_HOST header: 'www.pentodaypublication.com'. You may need to add 'www.pentodaypublication.com' to ALLOWED_HOSTS.
Bad Request: /
Invalid HTTP_HOST header: 'www.pentodaypublication.com'. You may need to add 'www.pentodaypublication.com' to ALLOWED_HOSTS.
Traceback (most recent call last):
  File "/home/pentodaypublicat/virtualenv/pentoday/all4in1/shoppinglyx/3.10/lib/python3.10/site-packages/django/core/handlers/exception.py", line 55, in inner
    response = get_response(request)
  File "/home/pentodaypublicat/virtualenv/pentoday/all4in1/shoppinglyx/3.10/lib/python3.10/site-packages/django/utils/deprecation.py", line 133, in __call__
    response = self.process_request(request)
  File "/home/pentodaypublicat/virtualenv/pentoday/all4in1/shoppinglyx/3.10/lib/python3.10/site-packages/django/middleware/common.py", line 48, in process_request
    host = request.get_host()
  File "/home/pentodaypublicat/virtualenv/pentoday/all4in1/shoppinglyx/3.10/lib/python3.10/site-packages/django/http/request.py", line 151, in get_host
    raise DisallowedHost(msg)
django.core.exceptions.DisallowedHost: Invalid HTTP_HOST header: 'www.pentodaypublication.com'. You may need to add 'www.pentodaypublication.com' to ALLOWED_HOSTS.
Bad Request: /sitemap.xml
Invalid HTTP_HOST header: 'www.pentodaypublication.com'. You may need to add 'www.pentodaypublication.com' to ALLOWED_HOSTS.
Traceback (most recent call last):
  File "/home/pentodaypublicat/virtualenv/pentoday/all4in1/shoppinglyx/3.10/lib/python3.10/site-packages/django/core/handlers/exception.py", line 55, in inner
    response = get_response(request)
  File "/home/pentodaypublicat/virtualenv/pentoday/all4in1/shoppinglyx/3.10/lib/python3.10/site-packages/django/utils/deprecation.py", line 133, in __call__
    response = self.process_request(request)
  File "/home/pentodaypublicat/virtualenv/pentoday/all4in1/shoppinglyx/3.10/lib/python3.10/site-packages/django/middleware/common.py", line 48, in process_request
    host = request.get_host()
  File "/home/pentodaypublicat/virtualenv/pentoday/all4in1/shoppinglyx/3.10/lib/python3.10/site-packages/django/http/request.py", line 151, in get_host
    raise DisallowedHost(msg)
django.core.exceptions.DisallowedHost: Invalid HTTP_HOST header: 'www.pentodaypublication.com'. You may need to add 'www.pentodaypublication.com' to ALLOWED_HOSTS.
Bad Request: /robots.txt
Invalid HTTP_HOST header: 'www.pentodaypublication.com'. You may need to add 'www.pentodaypublication.com' to ALLOWED_HOSTS.
Traceback (most recent call last):
  File "/home/pentodaypublicat/virtualenv/pentoday/all4in1/shoppinglyx/3.10/lib/python3.10/site-packages/django/core/handlers/exception.py", line 55, in inner
    response = get_response(request)
  File "/home/pentodaypublicat/virtualenv/pentoday/all4in1/shoppinglyx/3.10/lib/python3.10/site-packages/django/utils/deprecation.py", line 133, in __call__
    response = self.process_request(request)
  File "/home/pentodaypublicat/virtualenv/pentoday/all4in1/shoppinglyx/3.10/lib/python3.10/site-packages/django/middleware/common.py", line 48, in process_request
    host = request.get_host()
  File "/home/pentodaypublicat/virtualenv/pentoday/all4in1/shoppinglyx/3.10/lib/python3.10/site-packages/django/http/request.py", line 151, in get_host
    raise DisallowedHost(msg)
django.core.exceptions.DisallowedHost: Invalid HTTP_HOST header: 'www.pentodaypublication.com'. You may need to add 'www.pentodaypublication.com' to ALLOWED_HOSTS.
Bad Request: /
Invalid HTTP_HOST header: 'www.pentodaypublication.com'. You may need to add 'www.pentodaypublication.com' to ALLOWED_HOSTS.
Traceback (most recent call last):
  File "/home/pentodaypublicat/virtualenv/pentoday/all4in1/shoppinglyx/3.10/lib/python3.10/site-packages/django/core/handlers/exception.py", line 55, in inner
    response = get_response(request)
  File "/home/pentodaypublicat/virtualenv/pentoday/all4in1/shoppinglyx/3.10/lib/python3.10/site-packages/django/utils/deprecation.py", line 133, in __call__
    response = self.process_request(request)
  File "/home/pentodaypublicat/virtualenv/pentoday/all4in1/shoppinglyx/3.10/lib/python3.10/site-packages/django/middleware/common.py", line 48, in process_request
    host = request.get_host()
  File "/home/pentodaypublicat/virtualenv/pentoday/all4in1/shoppinglyx/3.10/lib/python3.10/site-packages/django/http/request.py", line 151, in get_host
    raise DisallowedHost(msg)
django.core.exceptions.DisallowedHost: Invalid HTTP_HOST header: 'www.pentodaypublication.com'. You may need to add 'www.pentodaypublication.com' to ALLOWED_HOSTS.
Bad Request: /robots.txt
Invalid HTTP_HOST header: 'www.pentodaypublication.com'. You may need to add 'www.pentodaypublication.com' to ALLOWED_HOSTS.
Traceback (most recent call last):
  File "/home/pentodaypublicat/virtualenv/pentoday/all4in1/shoppinglyx/3.10/lib/python3.10/site-packages/django/core/handlers/exception.py", line 55, in inner
    response = get_response(request)
  File "/home/pentodaypublicat/virtualenv/pentoday/all4in1/shoppinglyx/3.10/lib/python3.10/site-packages/django/utils/deprecation.py", line 133, in __call__
    response = self.process_request(request)
  File "/home/pentodaypublicat/virtualenv/pentoday/all4in1/shoppinglyx/3.10/lib/python3.10/site-packages/django/middleware/common.py", line 48, in process_request
    host = request.get_host()
  File "/home/pentodaypublicat/virtualenv/pentoday/all4in1/shoppinglyx/3.10/lib/python3.10/site-packages/django/http/request.py", line 151, in get_host
    raise DisallowedHost(msg)
django.core.exceptions.DisallowedHost: Invalid HTTP_HOST header: 'www.pentodaypublication.com'. You may need to add 'www.pentodaypublication.com' to ALLOWED_HOSTS.
Bad Request: /sitemap.xml
Invalid HTTP_HOST header: 'www.pentodaypublication.com'. You may need to add 'www.pentodaypublication.com' to ALLOWED_HOSTS.
Traceback (most recent call last):
  File "/home/pentodaypublicat/virtualenv/pentoday/all4in1/shoppinglyx/3.10/lib/python3.10/site-packages/django/core/handlers/exception.py", line 55, in inner
    response = get_response(request)
  File "/home/pentodaypublicat/virtualenv/pentoday/all4in1/shoppinglyx/3.10/lib/python3.10/site-packages/django/utils/deprecation.py", line 133, in __call__
    response = self.process_request(request)
  File "/home/pentodaypublicat/virtualenv/pentoday/all4in1/shoppinglyx/3.10/lib/python3.10/site-packages/django/middleware/common.py", line 48, in process_request
    host = request.get_host()
  File "/home/pentodaypublicat/virtualenv/pentoday/all4in1/shoppinglyx/3.10/lib/python3.10/site-packages/django/http/request.py", line 151, in get_host
    raise DisallowedHost(msg)
django.core.exceptions.DisallowedHost: Invalid HTTP_HOST header: 'www.pentodaypublication.com'. You may need to add 'www.pentodaypublication.com' to ALLOWED_HOSTS.
Bad Request: /
Invalid HTTP_HOST header: 'www.pentodaypublication.com'. You may need to add 'www.pentodaypublication.com' to ALLOWED_HOSTS.
Traceback (most recent call last):
  File "/home/pentodaypublicat/virtualenv/pentoday/all4in1/shoppinglyx/3.10/lib/python3.10/site-packages/django/core/handlers/exception.py", line 55, in inner
    response = get_response(request)
  File "/home/pentodaypublicat/virtualenv/pentoday/all4in1/shoppinglyx/3.10/lib/python3.10/site-packages/django/utils/deprecation.py", line 133, in __call__
    response = self.process_request(request)
  File "/home/pentodaypublicat/virtualenv/pentoday/all4in1/shoppinglyx/3.10/lib/python3.10/site-packages/django/middleware/common.py", line 48, in process_request
    host = request.get_host()
  File "/home/pentodaypublicat/virtualenv/pentoday/all4in1/shoppinglyx/3.10/lib/python3.10/site-packages/django/http/request.py", line 151, in get_host
    raise DisallowedHost(msg)
django.core.exceptions.DisallowedHost: Invalid HTTP_HOST header: 'www.pentodaypublication.com'. You may need to add 'www.pentodaypublication.com' to ALLOWED_HOSTS.
Bad Request: /sitemap.xml
Invalid HTTP_HOST header: 'www.pentodaypublication.com'. You may need to add 'www.pentodaypublication.com' to ALLOWED_HOSTS.
Traceback (most recent call last):
  File "/home/pentodaypublicat/virtualenv/pentoday/all4in1/shoppinglyx/3.10/lib/python3.10/site-packages/django/core/handlers/exception.py", line 55, in inner
    response = get_response(request)
  File "/home/pentodaypublicat/virtualenv/pentoday/all4in1/shoppinglyx/3.10/lib/python3.10/site-packages/django/utils/deprecation.py", line 133, in __call__
    response = self.process_request(request)
  File "/home/pentodaypublicat/virtualenv/pentoday/all4in1/shoppinglyx/3.10/lib/python3.10/site-packages/django/middleware/common.py", line 48, in process_request
    host = request.get_host()
  File "/home/pentodaypublicat/virtualenv/pentoday/all4in1/shoppinglyx/3.10/lib/python3.10/site-packages/django/http/request.py", line 151, in get_host
    raise DisallowedHost(msg)
django.core.exceptions.DisallowedHost: Invalid HTTP_HOST header: 'www.pentodaypublication.com'. You may need to add 'www.pentodaypublication.com' to ALLOWED_HOSTS.
Bad Request: /robots.txt
Invalid HTTP_HOST header: 'www.pentodaypublication.com'. You may need to add 'www.pentodaypublication.com' to ALLOWED_HOSTS.
Traceback (most recent call last):
  File "/home/pentodaypublicat/virtualenv/pentoday/all4in1/shoppinglyx/3.10/lib/python3.10/site-packages/django/core/handlers/exception.py", line 55, in inner
    response = get_response(request)
  File "/home/pentodaypublicat/virtualenv/pentoday/all4in1/shoppinglyx/3.10/lib/python3.10/site-packages/django/utils/deprecation.py", line 133, in __call__
    response = self.process_request(request)
  File "/home/pentodaypublicat/virtualenv/pentoday/all4in1/shoppinglyx/3.10/lib/python3.10/site-packages/django/middleware/common.py", line 48, in process_request
    host = request.get_host()
  File "/home/pentodaypublicat/virtualenv/pentoday/all4in1/shoppinglyx/3.10/lib/python3.10/site-packages/django/http/request.py", line 151, in get_host
    raise DisallowedHost(msg)
django.core.exceptions.DisallowedHost: Invalid HTTP_HOST header: 'www.pentodaypublication.com'. You may need to add 'www.pentodaypublication.com' to ALLOWED_HOSTS.
Bad Request: /
Invalid HTTP_HOST header: 'www.pentodaypublication.com'. You may need to add 'www.pentodaypublication.com' to ALLOWED_HOSTS.
Traceback (most recent call last):
  File "/home/pentodaypublicat/virtualenv/pentoday/all4in1/shoppinglyx/3.10/lib/python3.10/site-packages/django/core/handlers/exception.py", line 55, in inner
    response = get_response(request)
  File "/home/pentodaypublicat/virtualenv/pentoday/all4in1/shoppinglyx/3.10/lib/python3.10/site-packages/django/utils/deprecation.py", line 133, in __call__
    response = self.process_request(request)
  File "/home/pentodaypublicat/virtualenv/pentoday/all4in1/shoppinglyx/3.10/lib/python3.10/site-packages/django/middleware/common.py", line 48, in process_request
    host = request.get_host()
  File "/home/pentodaypublicat/virtualenv/pentoday/all4in1/shoppinglyx/3.10/lib/python3.10/site-packages/django/http/request.py", line 151, in get_host
    raise DisallowedHost(msg)
django.core.exceptions.DisallowedHost: Invalid HTTP_HOST header: 'www.pentodaypublication.com'. You may need to add 'www.pentodaypublication.com' to ALLOWED_HOSTS.
Bad Request: /
Invalid HTTP_HOST header: 'www.pentodaypublication.com'. You may need to add 'www.pentodaypublication.com' to ALLOWED_HOSTS.
Traceback (most recent call last):
  File "/home/pentodaypublicat/virtualenv/pentoday/all4in1/shoppinglyx/3.10/lib/python3.10/site-packages/django/core/handlers/exception.py", line 55, in inner
    response = get_response(request)
  File "/home/pentodaypublicat/virtualenv/pentoday/all4in1/shoppinglyx/3.10/lib/python3.10/site-packages/django/utils/deprecation.py", line 133, in __call__
    response = self.process_request(request)
  File "/home/pentodaypublicat/virtualenv/pentoday/all4in1/shoppinglyx/3.10/lib/python3.10/site-packages/django/middleware/common.py", line 48, in process_request
    host = request.get_host()
  File "/home/pentodaypublicat/virtualenv/pentoday/all4in1/shoppinglyx/3.10/lib/python3.10/site-packages/django/http/request.py", line 151, in get_host
    raise DisallowedHost(msg)
django.core.exceptions.DisallowedHost: Invalid HTTP_HOST header: 'www.pentodaypublication.com'. You may need to add 'www.pentodaypublication.com' to ALLOWED_HOSTS.
Bad Request: /
Invalid HTTP_HOST header: 'www.pentodaypublication.com'. You may need to add 'www.pentodaypublication.com' to ALLOWED_HOSTS.
Traceback (most recent call last):
  File "/home/pentodaypublicat/virtualenv/pentoday/all4in1/shoppinglyx/3.10/lib/python3.10/site-packages/django/core/handlers/exception.py", line 55, in inner
    response = get_response(request)
  File "/home/pentodaypublicat/virtualenv/pentoday/all4in1/shoppinglyx/3.10/lib/python3.10/site-packages/django/utils/deprecation.py", line 133, in __call__
    response = self.process_request(request)
  File "/home/pentodaypublicat/virtualenv/pentoday/all4in1/shoppinglyx/3.10/lib/python3.10/site-packages/django/middleware/common.py", line 48, in process_request
    host = request.get_host()
  File "/home/pentodaypublicat/virtualenv/pentoday/all4in1/shoppinglyx/3.10/lib/python3.10/site-packages/django/http/request.py", line 151, in get_host
    raise DisallowedHost(msg)
django.core.exceptions.DisallowedHost: Invalid HTTP_HOST header: 'www.pentodaypublication.com'. You may need to add 'www.pentodaypublication.com' to ALLOWED_HOSTS.
Bad Request: /
Invalid HTTP_HOST header: 'www.pentodaypublication.com'. You may need to add 'www.pentodaypublication.com' to ALLOWED_HOSTS.
Traceback (most recent call last):
  File "/home/pentodaypublicat/virtualenv/pentoday/all4in1/shoppinglyx/3.10/lib/python3.10/site-packages/django/core/handlers/exception.py", line 55, in inner
    response = get_response(request)
  File "/home/pentodaypublicat/virtualenv/pentoday/all4in1/shoppinglyx/3.10/lib/python3.10/site-packages/django/utils/deprecation.py", line 133, in __call__
    response = self.process_request(request)
  File "/home/pentodaypublicat/virtualenv/pentoday/all4in1/shoppinglyx/3.10/lib/python3.10/site-packages/django/middleware/common.py", line 48, in process_request
    host = request.get_host()
  File "/home/pentodaypublicat/virtualenv/pentoday/all4in1/shoppinglyx/3.10/lib/python3.10/site-packages/django/http/request.py", line 151, in get_host
    raise DisallowedHost(msg)
django.core.exceptions.DisallowedHost: Invalid HTTP_HOST header: 'www.pentodaypublication.com'. You may need to add 'www.pentodaypublication.com' to ALLOWED_HOSTS.
Bad Request: /
Invalid HTTP_HOST header: 'www.pentodaypublication.com'. You may need to add 'www.pentodaypublication.com' to ALLOWED_HOSTS.
Traceback (most recent call last):
  File "/home/pentodaypublicat/virtualenv/pentoday/all4in1/shoppinglyx/3.10/lib/python3.10/site-packages/django/core/handlers/exception.py", line 55, in inner
    response = get_response(request)
  File "/home/pentodaypublicat/virtualenv/pentoday/all4in1/shoppinglyx/3.10/lib/python3.10/site-packages/django/utils/deprecation.py", line 133, in __call__
    response = self.process_request(request)
  File "/home/pentodaypublicat/virtualenv/pentoday/all4in1/shoppinglyx/3.10/lib/python3.10/site-packages/django/middleware/common.py", line 48, in process_request
    host = request.get_host()
  File "/home/pentodaypublicat/virtualenv/pentoday/all4in1/shoppinglyx/3.10/lib/python3.10/site-packages/django/http/request.py", line 151, in get_host
    raise DisallowedHost(msg)
django.core.exceptions.DisallowedHost: Invalid HTTP_HOST header: 'www.pentodaypublication.com'. You may need to add 'www.pentodaypublication.com' to ALLOWED_HOSTS.
Bad Request: /
Invalid HTTP_HOST header: 'www.pentodaypublication.com'. You may need to add 'www.pentodaypublication.com' to ALLOWED_HOSTS.
Traceback (most recent call last):
  File "/home/pentodaypublicat/virtualenv/pentoday/all4in1/shoppinglyx/3.10/lib/python3.10/site-packages/django/core/handlers/exception.py", line 55, in inner
    response = get_response(request)
  File "/home/pentodaypublicat/virtualenv/pentoday/all4in1/shoppinglyx/3.10/lib/python3.10/site-packages/django/utils/deprecation.py", line 133, in __call__
    response = self.process_request(request)
  File "/home/pentodaypublicat/virtualenv/pentoday/all4in1/shoppinglyx/3.10/lib/python3.10/site-packages/django/middleware/common.py", line 48, in process_request
    host = request.get_host()
  File "/home/pentodaypublicat/virtualenv/pentoday/all4in1/shoppinglyx/3.10/lib/python3.10/site-packages/django/http/request.py", line 151, in get_host
    raise DisallowedHost(msg)
django.core.exceptions.DisallowedHost: Invalid HTTP_HOST header: 'www.pentodaypublication.com'. You may need to add 'www.pentodaypublication.com' to ALLOWED_HOSTS.
Bad Request: /
Invalid HTTP_HOST header: 'www.pentodaypublication.com'. You may need to add 'www.pentodaypublication.com' to ALLOWED_HOSTS.
Traceback (most recent call last):
  File "/home/pentodaypublicat/virtualenv/pentoday/all4in1/shoppinglyx/3.10/lib/python3.10/site-packages/django/core/handlers/exception.py", line 55, in inner
    response = get_response(request)
  File "/home/pentodaypublicat/virtualenv/pentoday/all4in1/shoppinglyx/3.10/lib/python3.10/site-packages/django/utils/deprecation.py", line 133, in __call__
    response = self.process_request(request)
  File "/home/pentodaypublicat/virtualenv/pentoday/all4in1/shoppinglyx/3.10/lib/python3.10/site-packages/django/middleware/common.py", line 48, in process_request
    host = request.get_host()
  File "/home/pentodaypublicat/virtualenv/pentoday/all4in1/shoppinglyx/3.10/lib/python3.10/site-packages/django/http/request.py", line 151, in get_host
    raise DisallowedHost(msg)
django.core.exceptions.DisallowedHost: Invalid HTTP_HOST header: 'www.pentodaypublication.com'. You may need to add 'www.pentodaypublication.com' to ALLOWED_HOSTS.
Bad Request: /
Invalid HTTP_HOST header: 'www.pentodaypublication.com'. You may need to add 'www.pentodaypublication.com' to ALLOWED_HOSTS.
Traceback (most recent call last):
  File "/home/pentodaypublicat/virtualenv/pentoday/all4in1/shoppinglyx/3.10/lib/python3.10/site-packages/django/core/handlers/exception.py", line 55, in inner
    response = get_response(request)
  File "/home/pentodaypublicat/virtualenv/pentoday/all4in1/shoppinglyx/3.10/lib/python3.10/site-packages/django/utils/deprecation.py", line 133, in __call__
    response = self.process_request(request)
  File "/home/pentodaypublicat/virtualenv/pentoday/all4in1/shoppinglyx/3.10/lib/python3.10/site-packages/django/middleware/common.py", line 48, in process_request
    host = request.get_host()
  File "/home/pentodaypublicat/virtualenv/pentoday/all4in1/shoppinglyx/3.10/lib/python3.10/site-packages/django/http/request.py", line 151, in get_host
    raise DisallowedHost(msg)
django.core.exceptions.DisallowedHost: Invalid HTTP_HOST header: 'www.pentodaypublication.com'. You may need to add 'www.pentodaypublication.com' to ALLOWED_HOSTS.
Bad Request: /
Not Found: /robots.txt
Not Found: /humans.txt
Not Found: /ads.txt
Invalid HTTP_HOST header: 'www.pentodaypublication.com'. You may need to add 'www.pentodaypublication.com' to ALLOWED_HOSTS.
Traceback (most recent call last):
  File "/home/pentodaypublicat/virtualenv/pentoday/all4in1/shoppinglyx/3.10/lib/python3.10/site-packages/django/core/handlers/exception.py", line 55, in inner
    response = get_response(request)
  File "/home/pentodaypublicat/virtualenv/pentoday/all4in1/shoppinglyx/3.10/lib/python3.10/site-packages/django/utils/deprecation.py", line 133, in __call__
    response = self.process_request(request)
  File "/home/pentodaypublicat/virtualenv/pentoday/all4in1/shoppinglyx/3.10/lib/python3.10/site-packages/django/middleware/common.py", line 48, in process_request
    host = request.get_host()
  File "/home/pentodaypublicat/virtualenv/pentoday/all4in1/shoppinglyx/3.10/lib/python3.10/site-packages/django/http/request.py", line 151, in get_host
    raise DisallowedHost(msg)
django.core.exceptions.DisallowedHost: Invalid HTTP_HOST header: 'www.pentodaypublication.com'. You may need to add 'www.pentodaypublication.com' to ALLOWED_HOSTS.
Bad Request: /
Not Found: /robots.txt
Not Found: /static/app/js/owl.carousel.js
Not Found: /static/app/js/owl.carousel.min.js
Not Found: /static/app/js/zoomsl.js
Not Found: /static/app/js/zoomsl.min(1).js
Not Found: /static/app/js/myscript.js
Not Found: /static/app/js/all.js
Not Found: /static/app/js/all.min.js
Invalid HTTP_HOST header: 'www.pentodaypublication.com'. You may need to add 'www.pentodaypublication.com' to ALLOWED_HOSTS.
Traceback (most recent call last):
  File "/home/pentodaypublicat/virtualenv/pentoday/all4in1/shoppinglyx/3.10/lib/python3.10/site-packages/django/core/handlers/exception.py", line 55, in inner
    response = get_response(request)
  File "/home/pentodaypublicat/virtualenv/pentoday/all4in1/shoppinglyx/3.10/lib/python3.10/site-packages/django/utils/deprecation.py", line 133, in __call__
    response = self.process_request(request)
  File "/home/pentodaypublicat/virtualenv/pentoday/all4in1/shoppinglyx/3.10/lib/python3.10/site-packages/django/middleware/common.py", line 48, in process_request
    host = request.get_host()
  File "/home/pentodaypublicat/virtualenv/pentoday/all4in1/shoppinglyx/3.10/lib/python3.10/site-packages/django/http/request.py", line 151, in get_host
    raise DisallowedHost(msg)
django.core.exceptions.DisallowedHost: Invalid HTTP_HOST header: 'www.pentodaypublication.com'. You may need to add 'www.pentodaypublication.com' to ALLOWED_HOSTS.
Bad Request: /
Invalid HTTP_HOST header: 'www.pentodaypublication.com'. You may need to add 'www.pentodaypublication.com' to ALLOWED_HOSTS.
Traceback (most recent call last):
  File "/home/pentodaypublicat/virtualenv/pentoday/all4in1/shoppinglyx/3.10/lib/python3.10/site-packages/django/core/handlers/exception.py", line 55, in inner
    response = get_response(request)
  File "/home/pentodaypublicat/virtualenv/pentoday/all4in1/shoppinglyx/3.10/lib/python3.10/site-packages/django/utils/deprecation.py", line 133, in __call__
    response = self.process_request(request)
  File "/home/pentodaypublicat/virtualenv/pentoday/all4in1/shoppinglyx/3.10/lib/python3.10/site-packages/django/middleware/common.py", line 48, in process_request
    host = request.get_host()
  File "/home/pentodaypublicat/virtualenv/pentoday/all4in1/shoppinglyx/3.10/lib/python3.10/site-packages/django/http/request.py", line 151, in get_host
    raise DisallowedHost(msg)
django.core.exceptions.DisallowedHost: Invalid HTTP_HOST header: 'www.pentodaypublication.com'. You may need to add 'www.pentodaypublication.com' to ALLOWED_HOSTS.
Bad Request: /robots.txt
Invalid HTTP_HOST header: 'www.pentodaypublication.com'. You may need to add 'www.pentodaypublication.com' to ALLOWED_HOSTS.
Traceback (most recent call last):
  File "/home/pentodaypublicat/virtualenv/pentoday/all4in1/shoppinglyx/3.10/lib/python3.10/site-packages/django/core/handlers/exception.py", line 55, in inner
    response = get_response(request)
  File "/home/pentodaypublicat/virtualenv/pentoday/all4in1/shoppinglyx/3.10/lib/python3.10/site-packages/django/utils/deprecation.py", line 133, in __call__
    response = self.process_request(request)
  File "/home/pentodaypublicat/virtualenv/pentoday/all4in1/shoppinglyx/3.10/lib/python3.10/site-packages/django/middleware/common.py", line 48, in process_request
    host = request.get_host()
  File "/home/pentodaypublicat/virtualenv/pentoday/all4in1/shoppinglyx/3.10/lib/python3.10/site-packages/django/http/request.py", line 151, in get_host
    raise DisallowedHost(msg)
django.core.exceptions.DisallowedHost: Invalid HTTP_HOST header: 'www.pentodaypublication.com'. You may need to add 'www.pentodaypublication.com' to ALLOWED_HOSTS.
Bad Request: /
Not Found: /wordpress
Not Found: /wp
Not Found: /new
Not Found: /old
Not Found: /blog
Not Found: /test
Not Found: /shop
Not Found: /robots.txt
Invalid HTTP_HOST header: 'www.pentodaypublication.com'. You may need to add 'www.pentodaypublication.com' to ALLOWED_HOSTS.
Traceback (most recent call last):
  File "/home/pentodaypublicat/virtualenv/pentoday/all4in1/shoppinglyx/3.10/lib/python3.10/site-packages/django/core/handlers/exception.py", line 55, in inner
    response = get_response(request)
  File "/home/pentodaypublicat/virtualenv/pentoday/all4in1/shoppinglyx/3.10/lib/python3.10/site-packages/django/utils/deprecation.py", line 133, in __call__
    response = self.process_request(request)
  File "/home/pentodaypublicat/virtualenv/pentoday/all4in1/shoppinglyx/3.10/lib/python3.10/site-packages/django/middleware/common.py", line 48, in process_request
    host = request.get_host()
  File "/home/pentodaypublicat/virtualenv/pentoday/all4in1/shoppinglyx/3.10/lib/python3.10/site-packages/django/http/request.py", line 151, in get_host
    raise DisallowedHost(msg)
django.core.exceptions.DisallowedHost: Invalid HTTP_HOST header: 'www.pentodaypublication.com'. You may need to add 'www.pentodaypublication.com' to ALLOWED_HOSTS.
Bad Request: /
Not Found: /robots.txt
Invalid HTTP_HOST header: 'www.pentodaypublication.com'. You may need to add 'www.pentodaypublication.com' to ALLOWED_HOSTS.
Traceback (most recent call last):
  File "/home/pentodaypublicat/virtualenv/pentoday/all4in1/shoppinglyx/3.10/lib/python3.10/site-packages/django/core/handlers/exception.py", line 55, in inner
    response = get_response(request)
  File "/home/pentodaypublicat/virtualenv/pentoday/all4in1/shoppinglyx/3.10/lib/python3.10/site-packages/django/utils/deprecation.py", line 133, in __call__
    response = self.process_request(request)
  File "/home/pentodaypublicat/virtualenv/pentoday/all4in1/shoppinglyx/3.10/lib/python3.10/site-packages/django/middleware/common.py", line 48, in process_request
    host = request.get_host()
  File "/home/pentodaypublicat/virtualenv/pentoday/all4in1/shoppinglyx/3.10/lib/python3.10/site-packages/django/http/request.py", line 151, in get_host
    raise DisallowedHost(msg)
django.core.exceptions.DisallowedHost: Invalid HTTP_HOST header: 'www.pentodaypublication.com'. You may need to add 'www.pentodaypublication.com' to ALLOWED_HOSTS.
Bad Request: /
Not Found: /wp-includes/wlwmanifest.xml
Not Found: /xmlrpc.php
Not Found: /blog/wp-includes/wlwmanifest.xml
Not Found: /web/wp-includes/wlwmanifest.xml
Not Found: /wordpress/wp-includes/wlwmanifest.xml
Not Found: /website/wp-includes/wlwmanifest.xml
Not Found: /wp/wp-includes/wlwmanifest.xml
Not Found: /news/wp-includes/wlwmanifest.xml
Not Found: /2020/wp-includes/wlwmanifest.xml
Not Found: /2019/wp-includes/wlwmanifest.xml
Not Found: /shop/wp-includes/wlwmanifest.xml
Not Found: /wp1/wp-includes/wlwmanifest.xml
Not Found: /test/wp-includes/wlwmanifest.xml
Not Found: /wp2/wp-includes/wlwmanifest.xml
Not Found: /site/wp-includes/wlwmanifest.xml
Not Found: /cms/wp-includes/wlwmanifest.xml
Not Found: /sito/wp-includes/wlwmanifest.xml
Not Found: /static/app/css/style.css
Not Found: /static/app/css/owl.carousel.min.css
Not Found: /static/app/images/logo1.png
Not Found: /static/app/css/all.min.css
Not Found: /static/app/images/banner/b111.jpg
Not Found: /static/app/images/banner/b333.jpg
Not Found: /static/app/images/banner/b222.png
Not Found: /static/app/images/banner/b444.jpg
Not Found: /static/app/js/owl.carousel.min.js
Not Found: /static/app/js/all.min.js
Not Found: /static/app/js/myscript.js
Not Found: /static/app/js/zoomsl.js
Not Found: /static/app/js/zoomsl.min(1).js
Not Found: /static/app/images/payavail/cc.jpg
Not Found: /static/app/images/payavail/upi.jpg
Not Found: /static/app/images/payavail/nb.jpg
Not Found: /static/app/images/payavail/bj.png
Not Found: /static/app/images/payment.png
Not Found: /favicon.ico
Not Found: /static/app/css/owl.carousel.min.css
Not Found: /static/app/css/all.min.css
Not Found: /static/app/images/banner/b111.jpg
Not Found: /static/app/images/banner/b222.png
Not Found: /static/app/images/banner/b333.jpg
Not Found: /static/app/css/style.css
Not Found: /static/app/images/logo1.png
Not Found: /static/app/images/banner/b444.jpg
Not Found: /static/app/js/all.min.js
Not Found: /static/app/js/owl.carousel.min.js
Not Found: /static/app/js/zoomsl.js
Not Found: /static/app/images/payavail/nb.jpg
Not Found: /static/app/js/zoomsl.min(1).js
Not Found: /static/app/js/myscript.js
Not Found: /static/app/images/payavail/cc.jpg
Not Found: /static/app/images/payavail/bj.png
Not Found: /static/app/images/payment.png
Not Found: /static/app/images/payavail/upi.jpg
Not Found: /static/app/css/style.css
Not Found: /static/app/css/owl.carousel.min.css
Not Found: /static/app/images/logo1.png
Not Found: /static/app/js/owl.carousel.min.js
Not Found: /static/app/css/all.min.css
Not Found: /static/app/js/myscript.js
Not Found: /static/app/js/all.min.js
Not Found: /static/app/images/payment.png
Not Found: /static/app/js/zoomsl.min(1).js
Not Found: /static/app/js/zoomsl.js
Not Found: /static/app/css/style.css
Not Found: /static/app/css/all.min.css
Not Found: /static/app/css/owl.carousel.min.css
Not Found: /static/app/images/banner/b333.jpg
Not Found: /static/app/js/owl.carousel.min.js
Not Found: /static/app/images/banner/b222.png
Not Found: /static/app/js/all.min.js
Not Found: /static/app/js/zoomsl.js
Not Found: /static/app/js/myscript.js
Not Found: /static/app/js/zoomsl.min(1).js
Not Found: /static/app/images/payavail/nb.jpg
Not Found: /static/app/images/payavail/cc.jpg
Not Found: /static/app/images/payavail/upi.jpg
Not Found: /static/app/images/payavail/bj.png
Not Found: /static/app/images/payment.png
Not Found: /static/app/images/banner/b111.jpg
Not Found: /static/app/images/logo1.png
Not Found: /static/app/images/banner/b444.jpg
Not Found: /static/app/css/all.min.css
Not Found: /static/app/css/style.css
Not Found: /static/app/css/owl.carousel.min.css
Not Found: /static/app/js/all.min.js
Not Found: /static/app/js/zoomsl.js
Not Found: /static/app/js/myscript.js
Not Found: /static/app/images/payment.png
Not Found: /static/app/images/logo1.png
Not Found: /static/app/js/owl.carousel.min.js
Not Found: /static/app/js/zoomsl.min(1).js
Not Found: /static/app/images/logo1.png
Not Found: /static/app/css/owl.carousel.min.css
Not Found: /static/app/images/banner/b111.jpg
Not Found: /static/app/images/banner/b222.png
Not Found: /static/app/images/banner/b333.jpg
Not Found: /static/app/images/banner/b444.jpg
Not Found: /static/app/js/owl.carousel.min.js
Not Found: /static/app/css/style.css
Not Found: /static/app/css/all.min.css
Not Found: /static/app/js/all.min.js
Not Found: /static/app/js/myscript.js
Not Found: /static/app/js/zoomsl.js
Not Found: /static/app/images/payavail/cc.jpg
Not Found: /static/app/js/zoomsl.min(1).js
Not Found: /static/app/images/payavail/upi.jpg
Not Found: /static/app/images/payavail/nb.jpg
Not Found: /static/app/images/payavail/bj.png
Not Found: /static/app/images/payment.png
Not Found: /static/app/css/all.min.css
Not Found: /static/app/images/logo1.png
Not Found: /static/app/css/style.css
Not Found: /static/app/images/banner/b111.jpg
Not Found: /static/app/css/owl.carousel.min.css
Not Found: /static/app/images/banner/b222.png
Not Found: /static/app/images/banner/b333.jpg
Not Found: /static/app/js/owl.carousel.min.js
Not Found: /static/app/images/banner/b444.jpg
Not Found: /static/app/js/all.min.js
Not Found: /static/app/js/myscript.js
Not Found: /static/app/js/zoomsl.js
Not Found: /static/app/images/payavail/cc.jpg
Not Found: /static/app/images/payavail/nb.jpg
Not Found: /static/app/images/payavail/bj.png
Not Found: /static/app/images/payment.png
Not Found: /static/app/images/payavail/upi.jpg
Not Found: /static/app/js/zoomsl.min(1).js
Not Found: /favicon.ico
Not Found: /static/app/css/all.min.css
Not Found: /static/app/css/owl.carousel.min.css
Not Found: /static/app/css/style.css
Not Found: /static/app/js/owl.carousel.min.js
Not Found: /static/app/js/zoomsl.js
Not Found: /static/app/js/all.min.js
Not Found: /static/app/js/zoomsl.min(1).js
Not Found: /static/app/images/banner/b222.png
Not Found: /static/app/images/banner/b444.jpg
Not Found: /static/app/images/banner/b111.jpg
Not Found: /static/app/images/banner/b333.jpg
Not Found: /static/app/js/myscript.js
Not Found: /static/app/images/payavail/cc.jpg
Not Found: /static/app/images/payavail/upi.jpg
Not Found: /static/app/images/payavail/nb.jpg
Not Found: /static/app/images/payavail/bj.png
Not Found: /static/app/images/payment.png
Not Found: /static/app/images/logo1.png
Not Found: /static/app/css/owl.carousel.min.css
Not Found: /static/app/images/logo1.png
Not Found: /static/app/css/all.min.css
Not Found: /static/app/images/banner/b222.png
Not Found: /static/app/images/banner/b111.jpg
Not Found: /static/app/images/banner/b333.jpg
Not Found: /static/app/css/style.css
Not Found: /static/app/images/banner/b444.jpg
Not Found: /static/app/js/owl.carousel.min.js
Not Found: /static/app/js/all.min.js
Not Found: /static/app/images/payavail/upi.jpg
Not Found: /static/app/js/myscript.js
Not Found: /static/app/images/payavail/cc.jpg
Not Found: /static/app/js/zoomsl.js
Not Found: /static/app/js/zoomsl.min(1).js
Not Found: /static/app/images/payavail/nb.jpg
Not Found: /static/app/images/payavail/bj.png
Not Found: /static/app/images/payment.png
Not Found: /static/app/css/style.css
Not Found: /static/app/css/all.min.css
Not Found: /static/app/css/owl.carousel.min.css
Not Found: /static/app/images/logo1.png
Not Found: /static/app/js/owl.carousel.min.js
Not Found: /static/app/js/zoomsl.js
Not Found: /static/app/js/myscript.js
Not Found: /static/app/js/zoomsl.min(1).js
Not Found: /static/app/images/banner/b111.jpg
Not Found: /static/app/images/banner/b222.png
Not Found: /static/app/js/all.min.js
Not Found: /static/app/images/banner/b333.jpg
Not Found: /static/app/images/payavail/cc.jpg
Not Found: /static/app/images/payavail/upi.jpg
Not Found: /static/app/images/payavail/nb.jpg
Not Found: /static/app/images/banner/b444.jpg
Not Found: /static/app/images/payment.png
Not Found: /static/app/images/payavail/bj.png
Not Found: /static/app/css/owl.carousel.min.css
Not Found: /static/app/css/all.min.css
Not Found: /static/app/css/style.css
Not Found: /static/app/images/logo1.png
Not Found: /static/app/images/banner/b222.png
Not Found: /static/app/images/banner/b333.jpg
Not Found: /static/app/images/banner/b111.jpg
Not Found: /static/app/images/banner/b444.jpg
Not Found: /static/app/js/owl.carousel.min.js
Not Found: /static/app/js/all.min.js
Not Found: /static/app/js/myscript.js
Not Found: /static/app/images/payavail/cc.jpg
Not Found: /static/app/images/payavail/upi.jpg
Not Found: /static/app/images/payavail/nb.jpg
Not Found: /static/app/images/payment.png
Not Found: /static/app/images/payavail/bj.png
Not Found: /static/app/js/zoomsl.js
Not Found: /static/app/js/zoomsl.min(1).js
Not Found: /favicon.ico
Not Found: /static/app/css/owl.carousel.min.css
Not Found: /static/app/images/logo1.png
Not Found: /static/app/images/banner/b111.jpg
Not Found: /static/app/images/banner/b222.png
Not Found: /static/app/css/style.css
Not Found: /static/app/css/all.min.css
Not Found: /static/app/images/banner/b333.jpg
Not Found: /static/app/images/banner/b444.jpg
Not Found: /static/app/js/owl.carousel.min.js
Not Found: /static/app/js/myscript.js
Not Found: /static/app/js/all.min.js
Not Found: /static/app/js/zoomsl.js
Not Found: /static/app/js/zoomsl.min(1).js
Not Found: /static/app/images/payavail/cc.jpg
Not Found: /static/app/images/payavail/upi.jpg
Not Found: /static/app/images/payavail/nb.jpg
Not Found: /static/app/images/payavail/bj.png
Not Found: /static/app/images/payment.png
Not Found: /static/app/css/style.css
Not Found: /static/app/css/owl.carousel.min.css
Not Found: /static/app/css/all.min.css
Not Found: /static/app/js/owl.carousel.min.js
Not Found: /static/app/js/myscript.js
Not Found: /static/app/js/all.min.js
Not Found: /static/app/js/zoomsl.min(1).js
Not Found: /static/app/images/logo1.png
Not Found: /static/app/images/payment.png
Not Found: /static/app/js/zoomsl.js
Not Found: /static/app/images/logo1.png
Not Found: /static/app/css/owl.carousel.min.css
Not Found: /static/app/images/payment.png
Not Found: /static/app/js/owl.carousel.min.js
Not Found: /static/app/js/all.min.js
Not Found: /static/app/css/style.css
Not Found: /static/app/css/all.min.css
Not Found: /static/app/js/myscript.js
Not Found: /static/app/js/zoomsl.js
Not Found: /static/app/js/zoomsl.min(1).js
Not Found: /static/app/images/banner/b111.jpg
Not Found: /static/app/images/logo1.png
Not Found: /static/app/css/owl.carousel.min.css
Not Found: /static/app/images/banner/b333.jpg
Not Found: /static/app/images/banner/b222.png
Not Found: /static/app/js/owl.carousel.min.js
Not Found: /static/app/images/banner/b444.jpg
Not Found: /static/app/js/all.min.js
Not Found: /static/app/css/style.css
Not Found: /static/app/js/myscript.js
Not Found: /static/app/css/all.min.css
Not Found: /static/app/js/zoomsl.min(1).js
Not Found: /static/app/js/zoomsl.js
Not Found: /static/app/images/payavail/upi.jpg
Not Found: /static/app/images/payavail/cc.jpg
Not Found: /static/app/images/payavail/bj.png
Not Found: /static/app/images/payavail/nb.jpg
Not Found: /static/app/images/payment.png
Not Found: /static/app/css/owl.carousel.min.css
Not Found: /static/app/js/zoomsl.js
Not Found: /static/app/js/zoomsl.min(1).js
Not Found: /static/app/js/owl.carousel.min.js
Not Found: /static/app/css/style.css
Not Found: /static/app/js/all.min.js
Not Found: /static/app/js/myscript.js
Not Found: /static/app/css/all.min.css
Not Found: /static/app/images/banner/b111.jpg
Not Found: /static/app/images/logo1.png
Not Found: /static/app/images/payavail/upi.jpg
Not Found: /static/app/images/payavail/nb.jpg
Not Found: /static/app/images/payavail/bj.png
Not Found: /static/app/images/payment.png
Not Found: /static/app/images/payavail/cc.jpg
Not Found: /static/app/js/owl.carousel.min.js
Not Found: /static/app/images/banner/b444.jpg
Not Found: /static/app/images/banner/b222.png
Not Found: /static/app/images/banner/b333.jpg
Not Found: /static/app/js/all.min.js
Not Found: /static/app/js/myscript.js
Not Found: /static/app/js/zoomsl.js
Not Found: /static/app/js/zoomsl.min(1).js
Not Found: /favicon.ico
Not Found: /static/app/css/owl.carousel.min.css
Not Found: /static/app/css/style.css
Not Found: /static/app/js/owl.carousel.min.js
Not Found: /static/app/js/all.min.js
Not Found: /static/app/js/zoomsl.min(1).js
Not Found: /static/app/css/all.min.css
Not Found: /static/app/js/zoomsl.js
Not Found: /static/app/js/myscript.js
Not Found: /static/app/images/payment.png
Not Found: /static/app/images/logo1.png
Not Found: /static/app/js/owl.carousel.min.js
Not Found: /static/app/js/all.min.js
Not Found: /static/app/js/myscript.js
Not Found: /static/app/js/zoomsl.js
Not Found: /static/app/js/zoomsl.min(1).js
Not Found: /static/app/js/owl.carousel.min.js
Not Found: /static/app/js/all.min.js
Not Found: /static/app/js/myscript.js
Not Found: /static/app/css/owl.carousel.min.css
Not Found: /static/app/js/zoomsl.js
Not Found: /static/app/js/zoomsl.min(1).js
Not Found: /static/app/css/all.min.css
Not Found: /static/app/css/style.css
Not Found: /static/app/images/logo1.png
Not Found: /static/app/images/payment.png
Not Found: /static/app/js/owl.carousel.min.js
Not Found: /static/app/js/all.min.js
Not Found: /static/app/js/myscript.js
Not Found: /static/app/js/zoomsl.js
Not Found: /static/app/js/zoomsl.min(1).js
Not Found: /static/app/css/style.css
Not Found: /static/app/js/owl.carousel.min.js
Not Found: /static/app/css/owl.carousel.min.css
Not Found: /static/app/js/myscript.js
Not Found: /static/app/css/all.min.css
Not Found: /static/app/images/payment.png
Not Found: /static/app/images/logo1.png
Not Found: /static/app/js/zoomsl.js
Not Found: /static/app/js/zoomsl.min(1).js
Not Found: /static/app/js/owl.carousel.min.js
Not Found: /static/app/js/all.min.js
Not Found: /static/app/js/myscript.js
Not Found: /static/app/js/zoomsl.js
Not Found: /static/app/js/zoomsl.min(1).js
Not Found: /static/app/css/owl.carousel.min.css
Not Found: /static/app/css/all.min.css
Not Found: /static/app/js/owl.carousel.min.js
Not Found: /static/app/js/all.min.js
Not Found: /static/app/js/zoomsl.js
Not Found: /static/app/js/zoomsl.min(1).js
Not Found: /static/app/css/style.css
Not Found: /static/app/js/myscript.js
Not Found: /static/app/images/logo1.png
Not Found: /static/app/images/payavail/cc.jpg
Not Found: /static/app/images/payavail/nb.jpg
Not Found: /static/app/images/payment.png
Not Found: /static/app/images/payavail/upi.jpg
Not Found: /static/app/images/banner/b444.jpg
Not Found: /static/app/js/owl.carousel.min.js
Not Found: /static/app/images/banner/b111.jpg
Not Found: /static/app/images/payavail/bj.png
Not Found: /static/app/images/banner/b222.png
Not Found: /static/app/images/banner/b333.jpg
Not Found: /static/app/js/all.min.js
Not Found: /static/app/js/myscript.js
Not Found: /static/app/js/zoomsl.js
Not Found: /static/app/js/zoomsl.min(1).js
Not Found: /static/app/css/owl.carousel.min.css
Not Found: /static/app/css/style.css
Not Found: /static/app/js/owl.carousel.min.js
Not Found: /static/app/css/all.min.css
Not Found: /static/app/js/zoomsl.js
Not Found: /static/app/images/banner/b333.jpg
Not Found: /static/app/js/zoomsl.min(1).js
Not Found: /static/app/js/owl.carousel.min.js
Not Found: /static/app/images/banner/b111.jpg
Not Found: /static/app/images/logo1.png
Not Found: /static/app/images/payavail/upi.jpg
Not Found: /static/app/images/payavail/cc.jpg
Not Found: /static/app/images/payavail/nb.jpg
Not Found: /static/app/images/payavail/bj.png
Not Found: /static/app/images/banner/b444.jpg
Not Found: /static/app/images/payment.png
Not Found: /static/app/js/myscript.js
Not Found: /static/app/js/all.min.js
Not Found: /static/app/images/banner/b222.png
Not Found: /static/app/js/myscript.js
Not Found: /static/app/js/zoomsl.js
Not Found: /static/app/js/zoomsl.min(1).js
Not Found: /static/app/css/all.min.css
Not Found: /static/app/css/owl.carousel.min.css
Not Found: /static/app/css/style.css
Not Found: /static/app/css/owl.carousel.min.css
Not Found: /static/app/css/all.min.css
Not Found: /static/app/images/logo1.png
Not Found: /static/app/images/banner/b111.jpg
Not Found: /static/app/images/banner/b333.jpg
Not Found: /static/app/images/banner/b222.png
Not Found: /static/app/images/banner/b444.jpg
Not Found: /static/app/js/owl.carousel.min.js
Not Found: /static/app/js/myscript.js
Not Found: /static/app/js/all.min.js
Not Found: /static/app/js/zoomsl.js
Not Found: /static/app/images/payavail/cc.jpg
Not Found: /static/app/images/payment.png
Not Found: /static/app/images/payavail/bj.png
Not Found: /static/app/images/payavail/nb.jpg
Not Found: /static/app/images/payavail/upi.jpg
Not Found: /static/app/js/zoomsl.min(1).js
Not Found: /favicon.ico
